[0.105s] DEBUG:colcon:Command line arguments: ['/usr/bin/colcon', 'build']
[0.105s] DEBUG:colcon:Parsed command line arguments: Namespace(log_base=None, log_level=None, verb_name='build', build_base='build', install_base='install', merge_install=False, symlink_install=False, test_result_base=None, continue_on_error=False, executor='parallel', parallel_workers=5, event_handlers=None, ignore_user_meta=False, metas=['./colcon.meta'], base_paths=['.'], packages_ignore=None, packages_ignore_regex=None, paths=None, packages_up_to=None, packages_up_to_regex=None, packages_above=None, packages_above_and_dependencies=None, packages_above_depth=None, packages_select_by_dep=None, packages_skip_by_dep=None, packages_skip_up_to=None, packages_select_build_failed=False, packages_skip_build_finished=False, packages_select_test_failures=False, packages_skip_test_passed=False, packages_select=None, packages_skip=None, packages_select_regex=None, packages_skip_regex=None, packages_start=None, packages_end=None, allow_overriding=[], cmake_args=None, cmake_target=None, cmake_target_skip_unavailable=False, cmake_clean_cache=False, cmake_clean_first=False, cmake_force_configure=False, ament_cmake_args=None, catkin_cmake_args=None, catkin_skip_building_tests=False, verb_parser=<colcon_defaults.argument_parser.defaults.DefaultArgumentsDecorator object at 0xe6767a4e6240>, verb_extension=<colcon_core.verb.build.BuildVerb object at 0xe6767a6f3fe0>, main=<bound method BuildVerb.main of <colcon_core.verb.build.BuildVerb object at 0xe6767a6f3fe0>>)
[0.139s] Level 1:colcon.colcon_core.package_discovery:discover_packages(colcon_meta) check parameters
[0.140s] Level 1:colcon.colcon_core.package_discovery:discover_packages(recursive) check parameters
[0.140s] Level 1:colcon.colcon_core.package_discovery:discover_packages(ignore) check parameters
[0.140s] Level 1:colcon.colcon_core.package_discovery:discover_packages(path) check parameters
[0.140s] Level 1:colcon.colcon_core.package_discovery:discover_packages(colcon_meta) discover
[0.140s] Level 1:colcon.colcon_core.package_discovery:discover_packages(recursive) discover
[0.140s] INFO:colcon.colcon_core.package_discovery:Crawling recursively for packages in '/home/pranitvaikuntam/workspace/autonomousSimulation'
[0.140s] Level 1:colcon.colcon_core.package_identification:_identify(.) by extensions ['ignore', 'ignore_ament_install']
[0.140s] Level 1:colcon.colcon_core.package_identification:_identify(.) by extension 'ignore'
[0.140s] Level 1:colcon.colcon_core.package_identification:_identify(.) by extension 'ignore_ament_install'
[0.140s] Level 1:colcon.colcon_core.package_identification:_identify(.) by extensions ['colcon_pkg']
[0.140s] Level 1:colcon.colcon_core.package_identification:_identify(.) by extension 'colcon_pkg'
[0.140s] Level 1:colcon.colcon_core.package_identification:_identify(.) by extensions ['colcon_meta']
[0.140s] Level 1:colcon.colcon_core.package_identification:_identify(.) by extension 'colcon_meta'
[0.140s] Level 1:colcon.colcon_core.package_identification:_identify(.) by extensions ['ros']
[0.140s] Level 1:colcon.colcon_core.package_identification:_identify(.) by extension 'ros'
[0.158s] Level 1:colcon.colcon_core.package_identification:_identify(.) by extensions ['cmake', 'python']
[0.158s] Level 1:colcon.colcon_core.package_identification:_identify(.) by extension 'cmake'
[0.158s] Level 1:colcon.colcon_core.package_identification:_identify(.) by extension 'python'
[0.158s] Level 1:colcon.colcon_core.package_identification:_identify(.) by extensions ['python_setup_py']
[0.158s] Level 1:colcon.colcon_core.package_identification:_identify(.) by extension 'python_setup_py'
[0.158s] Level 1:colcon.colcon_core.package_identification:_identify(build) by extensions ['ignore', 'ignore_ament_install']
[0.158s] Level 1:colcon.colcon_core.package_identification:_identify(build) by extension 'ignore'
[0.158s] Level 1:colcon.colcon_core.package_identification:_identify(build) ignored
[0.159s] Level 1:colcon.colcon_core.package_identification:_identify(install) by extensions ['ignore', 'ignore_ament_install']
[0.159s] Level 1:colcon.colcon_core.package_identification:_identify(install) by extension 'ignore'
[0.159s] Level 1:colcon.colcon_core.package_identification:_identify(install) ignored
[0.159s] Level 1:colcon.colcon_core.package_identification:_identify(log) by extensions ['ignore', 'ignore_ament_install']
[0.159s] Level 1:colcon.colcon_core.package_identification:_identify(log) by extension 'ignore'
[0.159s] Level 1:colcon.colcon_core.package_identification:_identify(log) ignored
[0.159s] Level 1:colcon.colcon_core.package_identification:_identify(src) by extensions ['ignore', 'ignore_ament_install']
[0.159s] Level 1:colcon.colcon_core.package_identification:_identify(src) by extension 'ignore'
[0.159s] Level 1:colcon.colcon_core.package_identification:_identify(src) by extension 'ignore_ament_install'
[0.159s] Level 1:colcon.colcon_core.package_identification:_identify(src) by extensions ['colcon_pkg']
[0.159s] Level 1:colcon.colcon_core.package_identification:_identify(src) by extension 'colcon_pkg'
[0.159s] Level 1:colcon.colcon_core.package_identification:_identify(src) by extensions ['colcon_meta']
[0.159s] Level 1:colcon.colcon_core.package_identification:_identify(src) by extension 'colcon_meta'
[0.159s] Level 1:colcon.colcon_core.package_identification:_identify(src) by extensions ['ros']
[0.159s] Level 1:colcon.colcon_core.package_identification:_identify(src) by extension 'ros'
[0.159s] Level 1:colcon.colcon_core.package_identification:_identify(src) by extensions ['cmake', 'python']
[0.159s] Level 1:colcon.colcon_core.package_identification:_identify(src) by extension 'cmake'
[0.159s] Level 1:colcon.colcon_core.package_identification:_identify(src) by extension 'python'
[0.159s] Level 1:colcon.colcon_core.package_identification:_identify(src) by extensions ['python_setup_py']
[0.159s] Level 1:colcon.colcon_core.package_identification:_identify(src) by extension 'python_setup_py'
[0.159s] Level 1:colcon.colcon_core.package_identification:_identify(src/ai_drive) by extensions ['ignore', 'ignore_ament_install']
[0.159s] Level 1:colcon.colcon_core.package_identification:_identify(src/ai_drive) by extension 'ignore'
[0.159s] Level 1:colcon.colcon_core.package_identification:_identify(src/ai_drive) by extension 'ignore_ament_install'
[0.159s] Level 1:colcon.colcon_core.package_identification:_identify(src/ai_drive) by extensions ['colcon_pkg']
[0.159s] Level 1:colcon.colcon_core.package_identification:_identify(src/ai_drive) by extension 'colcon_pkg'
[0.159s] Level 1:colcon.colcon_core.package_identification:_identify(src/ai_drive) by extensions ['colcon_meta']
[0.159s] Level 1:colcon.colcon_core.package_identification:_identify(src/ai_drive) by extension 'colcon_meta'
[0.159s] Level 1:colcon.colcon_core.package_identification:_identify(src/ai_drive) by extensions ['ros']
[0.159s] Level 1:colcon.colcon_core.package_identification:_identify(src/ai_drive) by extension 'ros'
[0.166s] DEBUG:colcon.colcon_core.package_identification:Package 'src/ai_drive' with type 'ros.ament_python' and name 'ai_drive'
[0.166s] Level 1:colcon.colcon_core.package_identification:_identify(src/articubot_one) by extensions ['ignore', 'ignore_ament_install']
[0.166s] Level 1:colcon.colcon_core.package_identification:_identify(src/articubot_one) by extension 'ignore'
[0.166s] Level 1:colcon.colcon_core.package_identification:_identify(src/articubot_one) by extension 'ignore_ament_install'
[0.166s] Level 1:colcon.colcon_core.package_identification:_identify(src/articubot_one) by extensions ['colcon_pkg']
[0.166s] Level 1:colcon.colcon_core.package_identification:_identify(src/articubot_one) by extension 'colcon_pkg'
[0.166s] Level 1:colcon.colcon_core.package_identification:_identify(src/articubot_one) by extensions ['colcon_meta']
[0.166s] Level 1:colcon.colcon_core.package_identification:_identify(src/articubot_one) by extension 'colcon_meta'
[0.166s] Level 1:colcon.colcon_core.package_identification:_identify(src/articubot_one) by extensions ['ros']
[0.166s] Level 1:colcon.colcon_core.package_identification:_identify(src/articubot_one) by extension 'ros'
[0.166s] DEBUG:colcon.colcon_core.package_identification:Package 'src/articubot_one' with type 'ros.ament_cmake' and name 'articubot_one'
[0.167s] Level 1:colcon.colcon_core.package_identification:_identify(src/my_bot) by extensions ['ignore', 'ignore_ament_install']
[0.167s] Level 1:colcon.colcon_core.package_identification:_identify(src/my_bot) by extension 'ignore'
[0.167s] Level 1:colcon.colcon_core.package_identification:_identify(src/my_bot) by extension 'ignore_ament_install'
[0.167s] Level 1:colcon.colcon_core.package_identification:_identify(src/my_bot) by extensions ['colcon_pkg']
[0.167s] Level 1:colcon.colcon_core.package_identification:_identify(src/my_bot) by extension 'colcon_pkg'
[0.167s] Level 1:colcon.colcon_core.package_identification:_identify(src/my_bot) by extensions ['colcon_meta']
[0.167s] Level 1:colcon.colcon_core.package_identification:_identify(src/my_bot) by extension 'colcon_meta'
[0.167s] Level 1:colcon.colcon_core.package_identification:_identify(src/my_bot) by extensions ['ros']
[0.167s] Level 1:colcon.colcon_core.package_identification:_identify(src/my_bot) by extension 'ros'
[0.167s] DEBUG:colcon.colcon_core.package_identification:Package 'src/my_bot' with type 'ros.ament_cmake' and name 'my_bot'
[0.167s] Level 1:colcon.colcon_core.package_discovery:discover_packages(recursive) using defaults
[0.167s] Level 1:colcon.colcon_core.package_discovery:discover_packages(ignore) discover
[0.167s] Level 1:colcon.colcon_core.package_discovery:discover_packages(ignore) using defaults
[0.167s] Level 1:colcon.colcon_core.package_discovery:discover_packages(path) discover
[0.167s] Level 1:colcon.colcon_core.package_discovery:discover_packages(path) using defaults
[0.179s] Level 1:colcon.colcon_core.package_discovery:discover_packages(prefix_path) check parameters
[0.179s] Level 1:colcon.colcon_core.package_discovery:discover_packages(prefix_path) discover
[0.182s] DEBUG:colcon.colcon_installed_package_information.package_discovery:Found 367 installed packages in /opt/ros/jazzy
[0.183s] Level 1:colcon.colcon_core.package_discovery:discover_packages(prefix_path) using defaults
[0.213s] Level 5:colcon.colcon_core.verb:set package 'ai_drive' build argument 'cmake_args' from command line to 'None'
[0.213s] Level 5:colcon.colcon_core.verb:set package 'ai_drive' build argument 'cmake_target' from command line to 'None'
[0.213s] Level 5:colcon.colcon_core.verb:set package 'ai_drive' build argument 'cmake_target_skip_unavailable' from command line to 'False'
[0.213s] Level 5:colcon.colcon_core.verb:set package 'ai_drive' build argument 'cmake_clean_cache' from command line to 'False'
[0.213s] Level 5:colcon.colcon_core.verb:set package 'ai_drive' build argument 'cmake_clean_first' from command line to 'False'
[0.213s] Level 5:colcon.colcon_core.verb:set package 'ai_drive' build argument 'cmake_force_configure' from command line to 'False'
[0.213s] Level 5:colcon.colcon_core.verb:set package 'ai_drive' build argument 'ament_cmake_args' from command line to 'None'
[0.213s] Level 5:colcon.colcon_core.verb:set package 'ai_drive' build argument 'catkin_cmake_args' from command line to 'None'
[0.213s] Level 5:colcon.colcon_core.verb:set package 'ai_drive' build argument 'catkin_skip_building_tests' from command line to 'False'
[0.213s] DEBUG:colcon.colcon_core.verb:Building package 'ai_drive' with the following arguments: {'ament_cmake_args': None, 'build_base': '/home/pranitvaikuntam/workspace/autonomousSimulation/build/ai_drive', 'catkin_cmake_args': None, 'catkin_skip_building_tests': False, 'cmake_args': None, 'cmake_clean_cache': False, 'cmake_clean_first': False, 'cmake_force_configure': False, 'cmake_target': None, 'cmake_target_skip_unavailable': False, 'install_base': '/home/pranitvaikuntam/workspace/autonomousSimulation/install/ai_drive', 'merge_install': False, 'path': '/home/pranitvaikuntam/workspace/autonomousSimulation/src/ai_drive', 'symlink_install': False, 'test_result_base': None}
[0.214s] Level 5:colcon.colcon_core.verb:set package 'articubot_one' build argument 'cmake_args' from command line to 'None'
[0.214s] Level 5:colcon.colcon_core.verb:set package 'articubot_one' build argument 'cmake_target' from command line to 'None'
[0.214s] Level 5:colcon.colcon_core.verb:set package 'articubot_one' build argument 'cmake_target_skip_unavailable' from command line to 'False'
[0.214s] Level 5:colcon.colcon_core.verb:set package 'articubot_one' build argument 'cmake_clean_cache' from command line to 'False'
[0.214s] Level 5:colcon.colcon_core.verb:set package 'articubot_one' build argument 'cmake_clean_first' from command line to 'False'
[0.214s] Level 5:colcon.colcon_core.verb:set package 'articubot_one' build argument 'cmake_force_configure' from command line to 'False'
[0.214s] Level 5:colcon.colcon_core.verb:set package 'articubot_one' build argument 'ament_cmake_args' from command line to 'None'
[0.214s] Level 5:colcon.colcon_core.verb:set package 'articubot_one' build argument 'catkin_cmake_args' from command line to 'None'
[0.214s] Level 5:colcon.colcon_core.verb:set package 'articubot_one' build argument 'catkin_skip_building_tests' from command line to 'False'
[0.214s] DEBUG:colcon.colcon_core.verb:Building package 'articubot_one' with the following arguments: {'ament_cmake_args': None, 'build_base': '/home/pranitvaikuntam/workspace/autonomousSimulation/build/articubot_one', 'catkin_cmake_args': None, 'catkin_skip_building_tests': False, 'cmake_args': None, 'cmake_clean_cache': False, 'cmake_clean_first': False, 'cmake_force_configure': False, 'cmake_target': None, 'cmake_target_skip_unavailable': False, 'install_base': '/home/pranitvaikuntam/workspace/autonomousSimulation/install/articubot_one', 'merge_install': False, 'path': '/home/pranitvaikuntam/workspace/autonomousSimulation/src/articubot_one', 'symlink_install': False, 'test_result_base': None}
[0.214s] Level 5:colcon.colcon_core.verb:set package 'my_bot' build argument 'cmake_args' from command line to 'None'
[0.214s] Level 5:colcon.colcon_core.verb:set package 'my_bot' build argument 'cmake_target' from command line to 'None'
[0.214s] Level 5:colcon.colcon_core.verb:set package 'my_bot' build argument 'cmake_target_skip_unavailable' from command line to 'False'
[0.214s] Level 5:colcon.colcon_core.verb:set package 'my_bot' build argument 'cmake_clean_cache' from command line to 'False'
[0.214s] Level 5:colcon.colcon_core.verb:set package 'my_bot' build argument 'cmake_clean_first' from command line to 'False'
[0.214s] Level 5:colcon.colcon_core.verb:set package 'my_bot' build argument 'cmake_force_configure' from command line to 'False'
[0.214s] Level 5:colcon.colcon_core.verb:set package 'my_bot' build argument 'ament_cmake_args' from command line to 'None'
[0.214s] Level 5:colcon.colcon_core.verb:set package 'my_bot' build argument 'catkin_cmake_args' from command line to 'None'
[0.214s] Level 5:colcon.colcon_core.verb:set package 'my_bot' build argument 'catkin_skip_building_tests' from command line to 'False'
[0.214s] DEBUG:colcon.colcon_core.verb:Building package 'my_bot' with the following arguments: {'ament_cmake_args': None, 'build_base': '/home/pranitvaikuntam/workspace/autonomousSimulation/build/my_bot', 'catkin_cmake_args': None, 'catkin_skip_building_tests': False, 'cmake_args': None, 'cmake_clean_cache': False, 'cmake_clean_first': False, 'cmake_force_configure': False, 'cmake_target': None, 'cmake_target_skip_unavailable': False, 'install_base': '/home/pranitvaikuntam/workspace/autonomousSimulation/install/my_bot', 'merge_install': False, 'path': '/home/pranitvaikuntam/workspace/autonomousSimulation/src/my_bot', 'symlink_install': False, 'test_result_base': None}
[0.214s] INFO:colcon.colcon_core.executor:Executing jobs using 'parallel' executor
[0.215s] DEBUG:colcon.colcon_parallel_executor.executor.parallel:run_until_complete
[0.215s] INFO:colcon.colcon_ros.task.ament_python.build:Building ROS package in '/home/pranitvaikuntam/workspace/autonomousSimulation/src/ai_drive' with build type 'ament_python'
[0.215s] Level 1:colcon.colcon_core.shell:create_environment_hook('ai_drive', 'ament_prefix_path')
[0.217s] INFO:colcon.colcon_core.plugin_system:Skipping extension 'colcon_core.shell.bat': Not used on non-Windows systems
[0.217s] INFO:colcon.colcon_core.shell:Creating environment hook '/home/pranitvaikuntam/workspace/autonomousSimulation/install/ai_drive/share/ai_drive/hook/ament_prefix_path.ps1'
[0.222s] INFO:colcon.colcon_core.shell:Creating environment descriptor '/home/pranitvaikuntam/workspace/autonomousSimulation/install/ai_drive/share/ai_drive/hook/ament_prefix_path.dsv'
[0.222s] INFO:colcon.colcon_core.shell:Creating environment hook '/home/pranitvaikuntam/workspace/autonomousSimulation/install/ai_drive/share/ai_drive/hook/ament_prefix_path.sh'
[0.223s] INFO:colcon.colcon_core.shell:Skip shell extension 'powershell' for command environment: Not usable outside of PowerShell
[0.223s] DEBUG:colcon.colcon_core.shell:Skip shell extension 'dsv' for command environment
[0.226s] INFO:colcon.colcon_ros.task.ament_cmake.build:Building ROS package in '/home/pranitvaikuntam/workspace/autonomousSimulation/src/articubot_one' with build type 'ament_cmake'
[0.226s] INFO:colcon.colcon_cmake.task.cmake.build:Building CMake package in '/home/pranitvaikuntam/workspace/autonomousSimulation/src/articubot_one'
[0.226s] INFO:colcon.colcon_core.shell:Skip shell extension 'powershell' for command environment: Not usable outside of PowerShell
[0.226s] DEBUG:colcon.colcon_core.shell:Skip shell extension 'dsv' for command environment
[0.231s] INFO:colcon.colcon_ros.task.ament_cmake.build:Building ROS package in '/home/pranitvaikuntam/workspace/autonomousSimulation/src/my_bot' with build type 'ament_cmake'
[0.231s] INFO:colcon.colcon_cmake.task.cmake.build:Building CMake package in '/home/pranitvaikuntam/workspace/autonomousSimulation/src/my_bot'
[0.231s] INFO:colcon.colcon_core.shell:Skip shell extension 'powershell' for command environment: Not usable outside of PowerShell
[0.231s] DEBUG:colcon.colcon_core.shell:Skip shell extension 'dsv' for command environment
[0.385s] INFO:colcon.colcon_core.task.python.build:Building Python package in '/home/pranitvaikuntam/workspace/autonomousSimulation/src/ai_drive'
[0.385s] INFO:colcon.colcon_core.shell:Skip shell extension 'powershell' for command environment: Not usable outside of PowerShell
[0.385s] DEBUG:colcon.colcon_core.shell:Skip shell extension 'dsv' for command environment
[0.391s] DEBUG:colcon.colcon_core.event_handler.log_command:Invoking command in '/home/pranitvaikuntam/workspace/autonomousSimulation/build/articubot_one': CMAKE_PREFIX_PATH=${CMAKE_PREFIX_PATH}:/opt/ros/jazzy DEBUGINFOD_URLS=https://debuginfod.ubuntu.com /usr/bin/cmake /home/pranitvaikuntam/workspace/autonomousSimulation/src/articubot_one -DCMAKE_INSTALL_PREFIX=/home/pranitvaikuntam/workspace/autonomousSimulation/install/articubot_one
[0.396s] DEBUG:colcon.colcon_core.event_handler.log_command:Invoking command in '/home/pranitvaikuntam/workspace/autonomousSimulation/build/my_bot': CMAKE_PREFIX_PATH=${CMAKE_PREFIX_PATH}:/opt/ros/jazzy DEBUGINFOD_URLS=https://debuginfod.ubuntu.com /usr/bin/cmake /home/pranitvaikuntam/workspace/autonomousSimulation/src/my_bot -DCMAKE_INSTALL_PREFIX=/home/pranitvaikuntam/workspace/autonomousSimulation/install/my_bot
[1.297s] DEBUG:colcon.colcon_core.event_handler.log_command:Invoking command in '/home/pranitvaikuntam/workspace/autonomousSimulation/src/ai_drive': DEBUGINFOD_URLS=https://debuginfod.ubuntu.com PYTHONPATH=/home/pranitvaikuntam/workspace/autonomousSimulation/build/ai_drive/prefix_override:/usr/lib/python3/dist-packages/colcon_core/task/python/colcon_distutils_commands:/home/pranitvaikuntam/workspace/autonomousSimulation/install/ai_drive/lib/python3.12/site-packages:${PYTHONPATH} /usr/bin/python3 -W ignore:setup.py install is deprecated -W ignore:easy_install command is deprecated setup.py egg_info --egg-base ../../build/ai_drive build --build-base /home/pranitvaikuntam/workspace/autonomousSimulation/build/ai_drive/build install --record /home/pranitvaikuntam/workspace/autonomousSimulation/build/ai_drive/install.log --single-version-externally-managed install_data
[1.676s] DEBUG:colcon.colcon_core.event_handler.log_command:Invoked command in '/home/pranitvaikuntam/workspace/autonomousSimulation/src/ai_drive' returned '0': DEBUGINFOD_URLS=https://debuginfod.ubuntu.com PYTHONPATH=/home/pranitvaikuntam/workspace/autonomousSimulation/build/ai_drive/prefix_override:/usr/lib/python3/dist-packages/colcon_core/task/python/colcon_distutils_commands:/home/pranitvaikuntam/workspace/autonomousSimulation/install/ai_drive/lib/python3.12/site-packages:${PYTHONPATH} /usr/bin/python3 -W ignore:setup.py install is deprecated -W ignore:easy_install command is deprecated setup.py egg_info --egg-base ../../build/ai_drive build --build-base /home/pranitvaikuntam/workspace/autonomousSimulation/build/ai_drive/build install --record /home/pranitvaikuntam/workspace/autonomousSimulation/build/ai_drive/install.log --single-version-externally-managed install_data
[1.685s] Level 1:colcon.colcon_core.environment:checking '/home/pranitvaikuntam/workspace/autonomousSimulation/install/ai_drive' for CMake module files
[1.686s] Level 1:colcon.colcon_core.environment:checking '/home/pranitvaikuntam/workspace/autonomousSimulation/install/ai_drive' for CMake config files
[1.686s] Level 1:colcon.colcon_core.environment:checking '/home/pranitvaikuntam/workspace/autonomousSimulation/install/ai_drive/lib'
[1.686s] Level 1:colcon.colcon_core.environment:checking '/home/pranitvaikuntam/workspace/autonomousSimulation/install/ai_drive/bin'
[1.686s] Level 1:colcon.colcon_core.environment:checking '/home/pranitvaikuntam/workspace/autonomousSimulation/install/ai_drive/lib/pkgconfig/ai_drive.pc'
[1.686s] Level 1:colcon.colcon_core.environment:checking '/home/pranitvaikuntam/workspace/autonomousSimulation/install/ai_drive/lib/python3.12/site-packages'
[1.686s] Level 1:colcon.colcon_core.shell:create_environment_hook('ai_drive', 'pythonpath')
[1.686s] INFO:colcon.colcon_core.shell:Creating environment hook '/home/pranitvaikuntam/workspace/autonomousSimulation/install/ai_drive/share/ai_drive/hook/pythonpath.ps1'
[1.689s] INFO:colcon.colcon_core.shell:Creating environment descriptor '/home/pranitvaikuntam/workspace/autonomousSimulation/install/ai_drive/share/ai_drive/hook/pythonpath.dsv'
[1.689s] INFO:colcon.colcon_core.shell:Creating environment hook '/home/pranitvaikuntam/workspace/autonomousSimulation/install/ai_drive/share/ai_drive/hook/pythonpath.sh'
[1.689s] Level 1:colcon.colcon_core.environment:checking '/home/pranitvaikuntam/workspace/autonomousSimulation/install/ai_drive/bin'
[1.689s] Level 1:colcon.colcon_core.environment:create_environment_scripts_only(ai_drive)
[1.689s] INFO:colcon.colcon_core.shell:Creating package script '/home/pranitvaikuntam/workspace/autonomousSimulation/install/ai_drive/share/ai_drive/package.ps1'
[1.690s] INFO:colcon.colcon_core.shell:Creating package descriptor '/home/pranitvaikuntam/workspace/autonomousSimulation/install/ai_drive/share/ai_drive/package.dsv'
[1.691s] INFO:colcon.colcon_core.shell:Creating package script '/home/pranitvaikuntam/workspace/autonomousSimulation/install/ai_drive/share/ai_drive/package.sh'
[1.691s] INFO:colcon.colcon_core.shell:Creating package script '/home/pranitvaikuntam/workspace/autonomousSimulation/install/ai_drive/share/ai_drive/package.bash'
[1.694s] INFO:colcon.colcon_core.shell:Creating package script '/home/pranitvaikuntam/workspace/autonomousSimulation/install/ai_drive/share/ai_drive/package.zsh'
[1.695s] Level 1:colcon.colcon_core.environment:create_file_with_runtime_dependencies(/home/pranitvaikuntam/workspace/autonomousSimulation/install/ai_drive/share/colcon-core/packages/ai_drive)
[1.744s] DEBUG:colcon.colcon_core.event_handler.log_command:Invoked command in '/home/pranitvaikuntam/workspace/autonomousSimulation/build/my_bot' returned '0': CMAKE_PREFIX_PATH=${CMAKE_PREFIX_PATH}:/opt/ros/jazzy DEBUGINFOD_URLS=https://debuginfod.ubuntu.com /usr/bin/cmake /home/pranitvaikuntam/workspace/autonomousSimulation/src/my_bot -DCMAKE_INSTALL_PREFIX=/home/pranitvaikuntam/workspace/autonomousSimulation/install/my_bot
[1.745s] DEBUG:colcon.colcon_core.event_handler.log_command:Invoking command in '/home/pranitvaikuntam/workspace/autonomousSimulation/build/my_bot': CMAKE_PREFIX_PATH=${CMAKE_PREFIX_PATH}:/opt/ros/jazzy DEBUGINFOD_URLS=https://debuginfod.ubuntu.com /usr/bin/cmake --build /home/pranitvaikuntam/workspace/autonomousSimulation/build/my_bot -- -j5 -l5
[1.753s] DEBUG:colcon.colcon_core.event_handler.log_command:Invoked command in '/home/pranitvaikuntam/workspace/autonomousSimulation/build/articubot_one' returned '0': CMAKE_PREFIX_PATH=${CMAKE_PREFIX_PATH}:/opt/ros/jazzy DEBUGINFOD_URLS=https://debuginfod.ubuntu.com /usr/bin/cmake /home/pranitvaikuntam/workspace/autonomousSimulation/src/articubot_one -DCMAKE_INSTALL_PREFIX=/home/pranitvaikuntam/workspace/autonomousSimulation/install/articubot_one
[1.753s] DEBUG:colcon.colcon_core.event_handler.log_command:Invoking command in '/home/pranitvaikuntam/workspace/autonomousSimulation/build/articubot_one': CMAKE_PREFIX_PATH=${CMAKE_PREFIX_PATH}:/opt/ros/jazzy DEBUGINFOD_URLS=https://debuginfod.ubuntu.com /usr/bin/cmake --build /home/pranitvaikuntam/workspace/autonomousSimulation/build/articubot_one -- -j5 -l5
[1.796s] DEBUG:colcon.colcon_core.event_handler.log_command:Invoked command in '/home/pranitvaikuntam/workspace/autonomousSimulation/build/articubot_one' returned '0': CMAKE_PREFIX_PATH=${CMAKE_PREFIX_PATH}:/opt/ros/jazzy DEBUGINFOD_URLS=https://debuginfod.ubuntu.com /usr/bin/cmake --build /home/pranitvaikuntam/workspace/autonomousSimulation/build/articubot_one -- -j5 -l5
[1.808s] DEBUG:colcon.colcon_core.event_handler.log_command:Invoking command in '/home/pranitvaikuntam/workspace/autonomousSimulation/build/articubot_one': CMAKE_PREFIX_PATH=${CMAKE_PREFIX_PATH}:/opt/ros/jazzy DEBUGINFOD_URLS=https://debuginfod.ubuntu.com /usr/bin/cmake --install /home/pranitvaikuntam/workspace/autonomousSimulation/build/articubot_one
[1.812s] DEBUG:colcon.colcon_core.event_handler.log_command:Invoked command in '/home/pranitvaikuntam/workspace/autonomousSimulation/build/my_bot' returned '0': CMAKE_PREFIX_PATH=${CMAKE_PREFIX_PATH}:/opt/ros/jazzy DEBUGINFOD_URLS=https://debuginfod.ubuntu.com /usr/bin/cmake --build /home/pranitvaikuntam/workspace/autonomousSimulation/build/my_bot -- -j5 -l5
[1.812s] DEBUG:colcon.colcon_core.event_handler.log_command:Invoking command in '/home/pranitvaikuntam/workspace/autonomousSimulation/build/my_bot': CMAKE_PREFIX_PATH=${CMAKE_PREFIX_PATH}:/opt/ros/jazzy DEBUGINFOD_URLS=https://debuginfod.ubuntu.com /usr/bin/cmake --install /home/pranitvaikuntam/workspace/autonomousSimulation/build/my_bot
[1.826s] Level 1:colcon.colcon_core.environment:create_environment_scripts_only(my_bot)
[1.826s] Level 1:colcon.colcon_core.environment:checking '/home/pranitvaikuntam/workspace/autonomousSimulation/install/my_bot' for CMake module files
[1.826s] Level 1:colcon.colcon_core.environment:checking '/home/pranitvaikuntam/workspace/autonomousSimulation/install/my_bot' for CMake config files
[1.826s] Level 1:colcon.colcon_core.shell:create_environment_hook('my_bot', 'cmake_prefix_path')
[1.827s] INFO:colcon.colcon_core.shell:Creating environment hook '/home/pranitvaikuntam/workspace/autonomousSimulation/install/my_bot/share/my_bot/hook/cmake_prefix_path.ps1'
[1.827s] INFO:colcon.colcon_core.shell:Creating environment descriptor '/home/pranitvaikuntam/workspace/autonomousSimulation/install/my_bot/share/my_bot/hook/cmake_prefix_path.dsv'
[1.827s] INFO:colcon.colcon_core.shell:Creating environment hook '/home/pranitvaikuntam/workspace/autonomousSimulation/install/my_bot/share/my_bot/hook/cmake_prefix_path.sh'
[1.827s] Level 1:colcon.colcon_core.environment:checking '/home/pranitvaikuntam/workspace/autonomousSimulation/install/my_bot/bin'
[1.827s] Level 1:colcon.colcon_core.environment:checking '/home/pranitvaikuntam/workspace/autonomousSimulation/install/my_bot/lib/pkgconfig/my_bot.pc'
[1.828s] Level 1:colcon.colcon_core.environment:checking '/home/pranitvaikuntam/workspace/autonomousSimulation/install/my_bot/lib/python3.12/site-packages'
[1.828s] Level 1:colcon.colcon_core.environment:checking '/home/pranitvaikuntam/workspace/autonomousSimulation/install/my_bot/bin'
[1.828s] INFO:colcon.colcon_core.shell:Creating package script '/home/pranitvaikuntam/workspace/autonomousSimulation/install/my_bot/share/my_bot/package.ps1'
[1.828s] INFO:colcon.colcon_core.shell:Creating package descriptor '/home/pranitvaikuntam/workspace/autonomousSimulation/install/my_bot/share/my_bot/package.dsv'
[1.828s] INFO:colcon.colcon_core.shell:Creating package script '/home/pranitvaikuntam/workspace/autonomousSimulation/install/my_bot/share/my_bot/package.sh'
[1.828s] INFO:colcon.colcon_core.shell:Creating package script '/home/pranitvaikuntam/workspace/autonomousSimulation/install/my_bot/share/my_bot/package.bash'
[1.829s] INFO:colcon.colcon_core.shell:Creating package script '/home/pranitvaikuntam/workspace/autonomousSimulation/install/my_bot/share/my_bot/package.zsh'
[1.832s] DEBUG:colcon.colcon_core.event_handler.log_command:Invoked command in '/home/pranitvaikuntam/workspace/autonomousSimulation/build/my_bot' returned '0': CMAKE_PREFIX_PATH=${CMAKE_PREFIX_PATH}:/opt/ros/jazzy DEBUGINFOD_URLS=https://debuginfod.ubuntu.com /usr/bin/cmake --install /home/pranitvaikuntam/workspace/autonomousSimulation/build/my_bot
[1.833s] Level 1:colcon.colcon_core.environment:create_file_with_runtime_dependencies(/home/pranitvaikuntam/workspace/autonomousSimulation/install/my_bot/share/colcon-core/packages/my_bot)
[1.833s] Level 1:colcon.colcon_core.environment:create_environment_scripts_only(my_bot)
[1.833s] Level 1:colcon.colcon_core.environment:checking '/home/pranitvaikuntam/workspace/autonomousSimulation/install/my_bot' for CMake module files
[1.833s] Level 1:colcon.colcon_core.environment:checking '/home/pranitvaikuntam/workspace/autonomousSimulation/install/my_bot' for CMake config files
[1.833s] Level 1:colcon.colcon_core.shell:create_environment_hook('my_bot', 'cmake_prefix_path')
[1.833s] INFO:colcon.colcon_core.shell:Creating environment hook '/home/pranitvaikuntam/workspace/autonomousSimulation/install/my_bot/share/my_bot/hook/cmake_prefix_path.ps1'
[1.834s] INFO:colcon.colcon_core.shell:Creating environment descriptor '/home/pranitvaikuntam/workspace/autonomousSimulation/install/my_bot/share/my_bot/hook/cmake_prefix_path.dsv'
[1.835s] INFO:colcon.colcon_core.shell:Creating environment hook '/home/pranitvaikuntam/workspace/autonomousSimulation/install/my_bot/share/my_bot/hook/cmake_prefix_path.sh'
[1.835s] Level 1:colcon.colcon_core.environment:checking '/home/pranitvaikuntam/workspace/autonomousSimulation/install/my_bot/bin'
[1.835s] Level 1:colcon.colcon_core.environment:checking '/home/pranitvaikuntam/workspace/autonomousSimulation/install/my_bot/lib/pkgconfig/my_bot.pc'
[1.835s] Level 1:colcon.colcon_core.environment:checking '/home/pranitvaikuntam/workspace/autonomousSimulation/install/my_bot/lib/python3.12/site-packages'
[1.835s] Level 1:colcon.colcon_core.environment:checking '/home/pranitvaikuntam/workspace/autonomousSimulation/install/my_bot/bin'
[1.835s] INFO:colcon.colcon_core.shell:Creating package script '/home/pranitvaikuntam/workspace/autonomousSimulation/install/my_bot/share/my_bot/package.ps1'
[1.835s] INFO:colcon.colcon_core.shell:Creating package descriptor '/home/pranitvaikuntam/workspace/autonomousSimulation/install/my_bot/share/my_bot/package.dsv'
[1.836s] INFO:colcon.colcon_core.shell:Creating package script '/home/pranitvaikuntam/workspace/autonomousSimulation/install/my_bot/share/my_bot/package.sh'
[1.836s] INFO:colcon.colcon_core.shell:Creating package script '/home/pranitvaikuntam/workspace/autonomousSimulation/install/my_bot/share/my_bot/package.bash'
[1.836s] INFO:colcon.colcon_core.shell:Creating package script '/home/pranitvaikuntam/workspace/autonomousSimulation/install/my_bot/share/my_bot/package.zsh'
[1.836s] Level 1:colcon.colcon_core.environment:create_file_with_runtime_dependencies(/home/pranitvaikuntam/workspace/autonomousSimulation/install/my_bot/share/colcon-core/packages/my_bot)
[1.839s] Level 1:colcon.colcon_core.environment:create_environment_scripts_only(articubot_one)
[1.839s] DEBUG:colcon.colcon_core.event_handler.log_command:Invoked command in '/home/pranitvaikuntam/workspace/autonomousSimulation/build/articubot_one' returned '0': CMAKE_PREFIX_PATH=${CMAKE_PREFIX_PATH}:/opt/ros/jazzy DEBUGINFOD_URLS=https://debuginfod.ubuntu.com /usr/bin/cmake --install /home/pranitvaikuntam/workspace/autonomousSimulation/build/articubot_one
[1.839s] Level 1:colcon.colcon_core.environment:checking '/home/pranitvaikuntam/workspace/autonomousSimulation/install/articubot_one' for CMake module files
[1.840s] Level 1:colcon.colcon_core.environment:checking '/home/pranitvaikuntam/workspace/autonomousSimulation/install/articubot_one' for CMake config files
[1.840s] Level 1:colcon.colcon_core.shell:create_environment_hook('articubot_one', 'cmake_prefix_path')
[1.840s] INFO:colcon.colcon_core.shell:Creating environment hook '/home/pranitvaikuntam/workspace/autonomousSimulation/install/articubot_one/share/articubot_one/hook/cmake_prefix_path.ps1'
[1.840s] INFO:colcon.colcon_core.shell:Creating environment descriptor '/home/pranitvaikuntam/workspace/autonomousSimulation/install/articubot_one/share/articubot_one/hook/cmake_prefix_path.dsv'
[1.841s] INFO:colcon.colcon_core.shell:Creating environment hook '/home/pranitvaikuntam/workspace/autonomousSimulation/install/articubot_one/share/articubot_one/hook/cmake_prefix_path.sh'
[1.841s] Level 1:colcon.colcon_core.environment:checking '/home/pranitvaikuntam/workspace/autonomousSimulation/install/articubot_one/bin'
[1.841s] Level 1:colcon.colcon_core.environment:checking '/home/pranitvaikuntam/workspace/autonomousSimulation/install/articubot_one/lib/pkgconfig/articubot_one.pc'
[1.841s] Level 1:colcon.colcon_core.environment:checking '/home/pranitvaikuntam/workspace/autonomousSimulation/install/articubot_one/lib/python3.12/site-packages'
[1.841s] Level 1:colcon.colcon_core.environment:checking '/home/pranitvaikuntam/workspace/autonomousSimulation/install/articubot_one/bin'
[1.841s] INFO:colcon.colcon_core.shell:Creating package script '/home/pranitvaikuntam/workspace/autonomousSimulation/install/articubot_one/share/articubot_one/package.ps1'
[1.847s] INFO:colcon.colcon_core.shell:Creating package descriptor '/home/pranitvaikuntam/workspace/autonomousSimulation/install/articubot_one/share/articubot_one/package.dsv'
[1.847s] INFO:colcon.colcon_core.shell:Creating package script '/home/pranitvaikuntam/workspace/autonomousSimulation/install/articubot_one/share/articubot_one/package.sh'
[1.848s] INFO:colcon.colcon_core.shell:Creating package script '/home/pranitvaikuntam/workspace/autonomousSimulation/install/articubot_one/share/articubot_one/package.bash'
[1.848s] INFO:colcon.colcon_core.shell:Creating package script '/home/pranitvaikuntam/workspace/autonomousSimulation/install/articubot_one/share/articubot_one/package.zsh'
[1.848s] Level 1:colcon.colcon_core.environment:create_file_with_runtime_dependencies(/home/pranitvaikuntam/workspace/autonomousSimulation/install/articubot_one/share/colcon-core/packages/articubot_one)
[1.848s] Level 1:colcon.colcon_core.environment:create_environment_scripts_only(articubot_one)
[1.848s] Level 1:colcon.colcon_core.environment:checking '/home/pranitvaikuntam/workspace/autonomousSimulation/install/articubot_one' for CMake module files
[1.849s] Level 1:colcon.colcon_core.environment:checking '/home/pranitvaikuntam/workspace/autonomousSimulation/install/articubot_one' for CMake config files
[1.849s] Level 1:colcon.colcon_core.shell:create_environment_hook('articubot_one', 'cmake_prefix_path')
[1.849s] INFO:colcon.colcon_core.shell:Creating environment hook '/home/pranitvaikuntam/workspace/autonomousSimulation/install/articubot_one/share/articubot_one/hook/cmake_prefix_path.ps1'
[1.849s] INFO:colcon.colcon_core.shell:Creating environment descriptor '/home/pranitvaikuntam/workspace/autonomousSimulation/install/articubot_one/share/articubot_one/hook/cmake_prefix_path.dsv'
[1.849s] INFO:colcon.colcon_core.shell:Creating environment hook '/home/pranitvaikuntam/workspace/autonomousSimulation/install/articubot_one/share/articubot_one/hook/cmake_prefix_path.sh'
[1.850s] Level 1:colcon.colcon_core.environment:checking '/home/pranitvaikuntam/workspace/autonomousSimulation/install/articubot_one/bin'
[1.850s] Level 1:colcon.colcon_core.environment:checking '/home/pranitvaikuntam/workspace/autonomousSimulation/install/articubot_one/lib/pkgconfig/articubot_one.pc'
[1.850s] Level 1:colcon.colcon_core.environment:checking '/home/pranitvaikuntam/workspace/autonomousSimulation/install/articubot_one/lib/python3.12/site-packages'
[1.850s] Level 1:colcon.colcon_core.environment:checking '/home/pranitvaikuntam/workspace/autonomousSimulation/install/articubot_one/bin'
[1.850s] INFO:colcon.colcon_core.shell:Creating package script '/home/pranitvaikuntam/workspace/autonomousSimulation/install/articubot_one/share/articubot_one/package.ps1'
[1.850s] INFO:colcon.colcon_core.shell:Creating package descriptor '/home/pranitvaikuntam/workspace/autonomousSimulation/install/articubot_one/share/articubot_one/package.dsv'
[1.850s] INFO:colcon.colcon_core.shell:Creating package script '/home/pranitvaikuntam/workspace/autonomousSimulation/install/articubot_one/share/articubot_one/package.sh'
[1.851s] INFO:colcon.colcon_core.shell:Creating package script '/home/pranitvaikuntam/workspace/autonomousSimulation/install/articubot_one/share/articubot_one/package.bash'
[1.851s] INFO:colcon.colcon_core.shell:Creating package script '/home/pranitvaikuntam/workspace/autonomousSimulation/install/articubot_one/share/articubot_one/package.zsh'
[1.851s] Level 1:colcon.colcon_core.environment:create_file_with_runtime_dependencies(/home/pranitvaikuntam/workspace/autonomousSimulation/install/articubot_one/share/colcon-core/packages/articubot_one)
[1.851s] DEBUG:colcon.colcon_parallel_executor.executor.parallel:closing loop
[1.853s] DEBUG:colcon.colcon_parallel_executor.executor.parallel:loop closed
[1.853s] DEBUG:colcon.colcon_parallel_executor.executor.parallel:run_until_complete finished with '0'
[1.853s] DEBUG:colcon.colcon_core.event_reactor:joining thread
[1.861s] INFO:colcon.colcon_core.plugin_system:Skipping extension 'colcon_notification.desktop_notification.terminal_notifier': Not used on non-Darwin systems
[1.861s] INFO:colcon.colcon_core.plugin_system:Skipping extension 'colcon_notification.desktop_notification.win32': Not used on non-Windows systems
[1.861s] INFO:colcon.colcon_notification.desktop_notification:Sending desktop notification using 'notify2'
[1.906s] DEBUG:colcon.colcon_core.event_reactor:joined thread
[1.906s] INFO:colcon.colcon_core.shell:Creating prefix script '/home/pranitvaikuntam/workspace/autonomousSimulation/install/local_setup.ps1'
[1.907s] INFO:colcon.colcon_core.shell:Creating prefix util module '/home/pranitvaikuntam/workspace/autonomousSimulation/install/_local_setup_util_ps1.py'
[1.910s] INFO:colcon.colcon_core.shell:Creating prefix chain script '/home/pranitvaikuntam/workspace/autonomousSimulation/install/setup.ps1'
[1.911s] INFO:colcon.colcon_core.shell:Creating prefix script '/home/pranitvaikuntam/workspace/autonomousSimulation/install/local_setup.sh'
[1.912s] INFO:colcon.colcon_core.shell:Creating prefix util module '/home/pranitvaikuntam/workspace/autonomousSimulation/install/_local_setup_util_sh.py'
[1.912s] INFO:colcon.colcon_core.shell:Creating prefix chain script '/home/pranitvaikuntam/workspace/autonomousSimulation/install/setup.sh'
[1.913s] INFO:colcon.colcon_core.shell:Creating prefix script '/home/pranitvaikuntam/workspace/autonomousSimulation/install/local_setup.bash'
[1.913s] INFO:colcon.colcon_core.shell:Creating prefix chain script '/home/pranitvaikuntam/workspace/autonomousSimulation/install/setup.bash'
[1.913s] INFO:colcon.colcon_core.shell:Creating prefix script '/home/pranitvaikuntam/workspace/autonomousSimulation/install/local_setup.zsh'
[1.913s] INFO:colcon.colcon_core.shell:Creating prefix chain script '/home/pranitvaikuntam/workspace/autonomousSimulation/install/setup.zsh'
