[0.165s] Invoking command in '/home/pranitvaikuntam/workspace/autonomousSimulation/build/my_bot': CMAKE_PREFIX_PATH=${CMAKE_PREFIX_PATH}:/opt/ros/jazzy DEBUGINFOD_URLS=https://debuginfod.ubuntu.com /usr/bin/cmake /home/pranitvaikuntam/workspace/autonomousSimulation/src/my_bot -DCMAKE_INSTALL_PREFIX=/home/pranitvaikuntam/workspace/autonomousSimulation/install/my_bot
[0.495s] -- The C compiler identification is GNU 13.3.0
[0.666s] -- The CXX compiler identification is GNU 13.3.0
[0.694s] -- Detecting C compiler ABI info
[0.782s] -- Detecting C compiler ABI info - done
[0.790s] -- Check for working C compiler: /usr/bin/cc - skipped
[0.790s] -- Detecting C compile features
[0.794s] -- Detecting C compile features - done
[0.809s] -- Detecting CXX compiler ABI info
[0.961s] -- Detecting CXX compiler ABI info - done
[0.972s] -- Check for working CXX compiler: /usr/bin/c++ - skipped
[0.972s] -- Detecting CXX compile features
[0.973s] -- Detecting CXX compile features - done
[0.990s] -- Found ament_cmake: 2.5.3 (/opt/ros/jazzy/share/ament_cmake/cmake)
[1.168s] -- Found Python3: /usr/bin/python3 (found version "3.12.3") found components: Interpreter 
[1.342s] -- Found ament_lint_auto: 0.17.1 (/opt/ros/jazzy/share/ament_lint_auto/cmake)
[1.483s] -- Added test 'copyright' to check source files copyright and LICENSE
[1.493s] -- Added test 'flake8' to check Python code syntax and style conventions
[1.493s] -- Configured 'flake8' exclude dirs and/or files: 
[1.495s] -- Added test 'lint_cmake' to check CMake code style
[1.496s] -- Added test 'pep257' to check Python code against some of the docstring style conventions in PEP 257
[1.498s] -- Added test 'xmllint' to check XML markup files
[1.500s] -- Configuring done (1.3s)
[1.504s] -- Generating done (0.0s)
[1.505s] -- Build files have been written to: /home/pranitvaikuntam/workspace/autonomousSimulation/build/my_bot
[1.513s] Invoked command in '/home/pranitvaikuntam/workspace/autonomousSimulation/build/my_bot' returned '0': CMAKE_PREFIX_PATH=${CMAKE_PREFIX_PATH}:/opt/ros/jazzy DEBUGINFOD_URLS=https://debuginfod.ubuntu.com /usr/bin/cmake /home/pranitvaikuntam/workspace/autonomousSimulation/src/my_bot -DCMAKE_INSTALL_PREFIX=/home/pranitvaikuntam/workspace/autonomousSimulation/install/my_bot
[1.514s] Invoking command in '/home/pranitvaikuntam/workspace/autonomousSimulation/build/my_bot': CMAKE_PREFIX_PATH=${CMAKE_PREFIX_PATH}:/opt/ros/jazzy DEBUGINFOD_URLS=https://debuginfod.ubuntu.com /usr/bin/cmake --build /home/pranitvaikuntam/workspace/autonomousSimulation/build/my_bot -- -j5 -l5
[1.581s] Invoked command in '/home/pranitvaikuntam/workspace/autonomousSimulation/build/my_bot' returned '0': CMAKE_PREFIX_PATH=${CMAKE_PREFIX_PATH}:/opt/ros/jazzy DEBUGINFOD_URLS=https://debuginfod.ubuntu.com /usr/bin/cmake --build /home/pranitvaikuntam/workspace/autonomousSimulation/build/my_bot -- -j5 -l5
[1.581s] Invoking command in '/home/pranitvaikuntam/workspace/autonomousSimulation/build/my_bot': CMAKE_PREFIX_PATH=${CMAKE_PREFIX_PATH}:/opt/ros/jazzy DEBUGINFOD_URLS=https://debuginfod.ubuntu.com /usr/bin/cmake --install /home/pranitvaikuntam/workspace/autonomousSimulation/build/my_bot
[1.590s] -- Install configuration: ""
[1.590s] -- Installing: /home/pranitvaikuntam/workspace/autonomousSimulation/install/my_bot/share/my_bot/config
[1.590s] -- Installing: /home/pranitvaikuntam/workspace/autonomousSimulation/install/my_bot/share/my_bot/config/empty.yaml
[1.590s] -- Installing: /home/pranitvaikuntam/workspace/autonomousSimulation/install/my_bot/share/my_bot/description
[1.590s] -- Installing: /home/pranitvaikuntam/workspace/autonomousSimulation/install/my_bot/share/my_bot/description/intertial_macros.xacro
[1.591s] -- Installing: /home/pranitvaikuntam/workspace/autonomousSimulation/install/my_bot/share/my_bot/description/robot.urdf.xacro
[1.591s] -- Installing: /home/pranitvaikuntam/workspace/autonomousSimulation/install/my_bot/share/my_bot/description/robot_core.xacro
[1.591s] -- Installing: /home/pranitvaikuntam/workspace/autonomousSimulation/install/my_bot/share/my_bot/launch
[1.591s] -- Installing: /home/pranitvaikuntam/workspace/autonomousSimulation/install/my_bot/share/my_bot/launch/rsp.launch.py
[1.591s] -- Installing: /home/pranitvaikuntam/workspace/autonomousSimulation/install/my_bot/share/my_bot/worlds
[1.591s] -- Installing: /home/pranitvaikuntam/workspace/autonomousSimulation/install/my_bot/share/my_bot/worlds/empty.world
[1.591s] -- Installing: /home/pranitvaikuntam/workspace/autonomousSimulation/install/my_bot/share/ament_index/resource_index/package_run_dependencies/my_bot
[1.591s] -- Installing: /home/pranitvaikuntam/workspace/autonomousSimulation/install/my_bot/share/ament_index/resource_index/parent_prefix_path/my_bot
[1.591s] -- Installing: /home/pranitvaikuntam/workspace/autonomousSimulation/install/my_bot/share/my_bot/environment/ament_prefix_path.sh
[1.591s] -- Installing: /home/pranitvaikuntam/workspace/autonomousSimulation/install/my_bot/share/my_bot/environment/ament_prefix_path.dsv
[1.591s] -- Installing: /home/pranitvaikuntam/workspace/autonomousSimulation/install/my_bot/share/my_bot/environment/path.sh
[1.591s] -- Installing: /home/pranitvaikuntam/workspace/autonomousSimulation/install/my_bot/share/my_bot/environment/path.dsv
[1.591s] -- Installing: /home/pranitvaikuntam/workspace/autonomousSimulation/install/my_bot/share/my_bot/local_setup.bash
[1.594s] -- Installing: /home/pranitvaikuntam/workspace/autonomousSimulation/install/my_bot/share/my_bot/local_setup.sh
[1.594s] -- Installing: /home/pranitvaikuntam/workspace/autonomousSimulation/install/my_bot/share/my_bot/local_setup.zsh
[1.601s] -- Installing: /home/pranitvaikuntam/workspace/autonomousSimulation/install/my_bot/share/my_bot/local_setup.dsv
[1.601s] -- Installing: /home/pranitvaikuntam/workspace/autonomousSimulation/install/my_bot/share/my_bot/package.dsv
[1.601s] -- Installing: /home/pranitvaikuntam/workspace/autonomousSimulation/install/my_bot/share/ament_index/resource_index/packages/my_bot
[1.601s] -- Installing: /home/pranitvaikuntam/workspace/autonomousSimulation/install/my_bot/share/my_bot/cmake/my_botConfig.cmake
[1.601s] -- Installing: /home/pranitvaikuntam/workspace/autonomousSimulation/install/my_bot/share/my_bot/cmake/my_botConfig-version.cmake
[1.601s] -- Installing: /home/pranitvaikuntam/workspace/autonomousSimulation/install/my_bot/share/my_bot/package.xml
[1.601s] Invoked command in '/home/pranitvaikuntam/workspace/autonomousSimulation/build/my_bot' returned '0': CMAKE_PREFIX_PATH=${CMAKE_PREFIX_PATH}:/opt/ros/jazzy DEBUGINFOD_URLS=https://debuginfod.ubuntu.com /usr/bin/cmake --install /home/pranitvaikuntam/workspace/autonomousSimulation/build/my_bot
